<?xml version="1.0" encoding="UTF-8"?>
<!-- Generated by org.testng.reporters.JUnitReportReporter -->
<testsuite hostname="viveks-MacBook-Pro.local" failures="0" tests="1" name="api.test.createTest" time="3.599" errors="0" timestamp="2023-12-07T17:58:41 IST" skipped="0">
  <testcase classname="api.test.createTest" name="test" time="3.599"/>
  <system-out/>
</testsuite> <!-- api.test.createTest -->
